<?xml version="1.0" encoding="UTF-8"?>
<!-- Generated by org.testng.reporters.JUnitReportReporter -->
<testsuite skipped="0" hostname="jayahanu" name="automation.Finance1.MultipleLinkTest" tests="2" failures="0" timestamp="18 May 2018 06:48:38 GMT" time="21.280" errors="0">
  <testcase name="MultipleLink" time="15.572" classname="automation.Finance1.MultipleLinkTest"/>
  <testcase name="singleLink" time="5.708" classname="automation.Finance1.MultipleLinkTest"/>
</testsuite> <!-- automation.Finance1.MultipleLinkTest -->
