<?xml version="1.0" encoding="UTF-8"?>
<!-- Generated by org.testng.reporters.JUnitReportReporter -->
<testsuite skipped="0" hostname="jayahanu" name="automation.Finance1.dynamiclinktest" tests="1" failures="0" timestamp="18 May 2018 07:47:48 GMT" time="170.129" errors="0">
  <testcase name="f" time="170.129" classname="automation.Finance1.dynamiclinktest"/>
</testsuite> <!-- automation.Finance1.dynamiclinktest -->
