<?xml version="1.0" encoding="UTF-8"?>
<!-- Generated by org.testng.reporters.JUnitReportReporter -->
<testsuite skipped="0" hostname="jayahanu" name="automation.Finance1.testng" tests="1" failures="0" timestamp="16 May 2018 10:34:39 GMT" time="89.830" errors="0">
  <testcase name="customerLogin" time="89.830" classname="automation.Finance1.testng"/>
</testsuite> <!-- automation.Finance1.testng -->
