<?xml version="1.0" encoding="UTF-8"?>
<!-- Generated by org.testng.reporters.JUnitReportReporter -->
<testsuite skipped="0" hostname="jayahanu" name="automation.Finance1.GroupLinkTesting" tests="1" failures="0" timestamp="18 May 2018 07:10:04 GMT" time="7.251" errors="0">
  <testcase name="staticHeaderLinks" time="7.251" classname="automation.Finance1.GroupLinkTesting"/>
</testsuite> <!-- automation.Finance1.GroupLinkTesting -->
