<?xml version="1.0" encoding="UTF-8"?>
<!-- Generated by org.testng.reporters.JUnitReportReporter -->
<testsuite skipped="0" hostname="jayahanu" name="automation.Finance1.LinkTesting" tests="3" failures="0" timestamp="15 May 2018 09:41:48 GMT" time="114.039" errors="0">
  <testcase name="linkTesting" time="45.804" classname="automation.Finance1.LinkTesting"/>
  <testcase name="linkTesting" time="44.740" classname="automation.Finance1.LinkTesting"/>
  <testcase name="linkTesting" time="23.495" classname="automation.Finance1.LinkTesting"/>
</testsuite> <!-- automation.Finance1.LinkTesting -->
